[debug] [2021-04-17T05:31:08.007Z] ----------------------------------------------------------------------
[debug] [2021-04-17T05:31:08.011Z] Command:       C:\Program Files\nodejs\node.exe C:\Users\acer\AppData\Roaming\npm\node_modules\firebase-tools\lib\bin\firebase.js init
[debug] [2021-04-17T05:31:08.012Z] CLI Version:   9.10.0
[debug] [2021-04-17T05:31:08.012Z] Platform:      win32
[debug] [2021-04-17T05:31:08.012Z] Node Version:  v14.15.4
[debug] [2021-04-17T05:31:08.014Z] Time:          Sat Apr 17 2021 11:01:08 GMT+0530 (India Standard Time)
[debug] [2021-04-17T05:31:08.014Z] ----------------------------------------------------------------------
[debug] 
[debug] [2021-04-17T05:31:08.054Z] > command requires scopes: ["email","openid","https://www.googleapis.com/auth/cloudplatformprojects.readonly","https://www.googleapis.com/auth/firebase","https://www.googleapis.com/auth/cloud-platform"]
[debug] [2021-04-17T05:31:08.054Z] > authorizing via signed-in user (palaakanksha1312@gmail.com)
[info] 
     ######## #### ########  ######## ########     ###     ######  ########
     ##        ##  ##     ## ##       ##     ##  ##   ##  ##       ##
     ######    ##  ########  ######   ########  #########  ######  ######
     ##        ##  ##    ##  ##       ##     ## ##     ##       ## ##
     ##       #### ##     ## ######## ########  ##     ##  ######  ########

You're about to initialize a Firebase project in this directory:

  D:\webd+flutter\projects-res\job-listing-app\job-listing-app

[info] 
=== Project Setup
[info] 
[info] First, let's associate this project directory with a Firebase project.
[info] You can create multiple project aliases by running firebase use --add, 
[info] but for now we'll just set up a default project.
[info] 
[debug] [2021-04-17T05:33:45.350Z] >>> [apiv2][query] GET https://firebase.googleapis.com/v1beta1/projects pageSize=100
[debug] [2021-04-17T05:33:46.092Z] <<< [apiv2][status] GET https://firebase.googleapis.com/v1beta1/projects 200
[debug] [2021-04-17T05:33:46.093Z] <<< [apiv2][body] GET https://firebase.googleapis.com/v1beta1/projects [omitted]
[info] i  Using project job-listing-b230b (job-listing) 
[info] 
=== Hosting Setup
[info] 
[info] Your public directory is the folder (relative to your project directory) that
[info] will contain Hosting assets to be uploaded with firebase deploy. If you
[info] have a build process for your assets, use your build's output directory.
[info] 
[debug] [2021-04-17T05:39:05.971Z] ----------------------------------------------------------------------
[debug] [2021-04-17T05:39:05.978Z] Command:       C:\Program Files\nodejs\node.exe C:\Users\acer\AppData\Roaming\npm\node_modules\firebase-tools\lib\bin\firebase.js init
[debug] [2021-04-17T05:39:05.979Z] CLI Version:   9.10.0
[debug] [2021-04-17T05:39:05.980Z] Platform:      win32
[debug] [2021-04-17T05:39:05.980Z] Node Version:  v14.15.4
[debug] [2021-04-17T05:39:05.983Z] Time:          Sat Apr 17 2021 11:09:05 GMT+0530 (India Standard Time)
[debug] [2021-04-17T05:39:05.984Z] ----------------------------------------------------------------------
[debug] 
[debug] [2021-04-17T05:39:06.018Z] > command requires scopes: ["email","openid","https://www.googleapis.com/auth/cloudplatformprojects.readonly","https://www.googleapis.com/auth/firebase","https://www.googleapis.com/auth/cloud-platform"]
[debug] [2021-04-17T05:39:06.019Z] > authorizing via signed-in user (palaakanksha1312@gmail.com)
[info] 
     ######## #### ########  ######## ########     ###     ######  ########
     ##        ##  ##     ## ##       ##     ##  ##   ##  ##       ##
     ######    ##  ########  ######   ########  #########  ######  ######
     ##        ##  ##    ##  ##       ##     ## ##     ##       ## ##
     ##       #### ##     ## ######## ########  ##     ##  ######  ########

You're about to initialize a Firebase project in this directory:

  D:\webd+flutter\projects-res\job-listing-app\job-listing-app

[info] 
=== Project Setup
[info] 
[info] First, let's associate this project directory with a Firebase project.
[info] You can create multiple project aliases by running firebase use --add, 
[info] but for now we'll just set up a default project.
[info] 
[debug] [2021-04-17T05:40:38.180Z] >>> [apiv2][query] GET https://firebase.googleapis.com/v1beta1/projects pageSize=100
[debug] [2021-04-17T05:40:38.864Z] <<< [apiv2][status] GET https://firebase.googleapis.com/v1beta1/projects 200
[debug] [2021-04-17T05:40:38.864Z] <<< [apiv2][body] GET https://firebase.googleapis.com/v1beta1/projects [omitted]
[info] i  Using project job-listing-b230b (job-listing) 
[info] 
=== Hosting Setup
[info] 
[info] Your public directory is the folder (relative to your project directory) that
[info] will contain Hosting assets to be uploaded with firebase deploy. If you
[info] have a build process for your assets, use your build's output directory.
[info] 
[debug] [2021-04-17T05:41:57.177Z] >>> [apiv2][query] GET https://www.gstatic.com/firebasejs/releases.json [none]
[debug] [2021-04-17T05:41:57.299Z] <<< [apiv2][status] GET https://www.gstatic.com/firebasejs/releases.json 200
[debug] [2021-04-17T05:41:57.300Z] <<< [apiv2][body] GET https://www.gstatic.com/firebasejs/releases.json {"current":{"version":"8.4.1","browserURL":"https://www.gstatic.com/firebasejs/8.4.1/firebase.js","packageURL":"https://www.gstatic.com/firebasejs/8.4.1/firebase.tgz"},"live":{"version":"8.4","browserURL":"https://www.gstatic.com/firebasejs/live/8.4/firebase.js","packageURL":"https://www.gstatic.com/firebasejs/live/8.4/firebase.tgz"},"components":{"analytics":"https://www.gstatic.com/firebasejs/8.4.1/firebase-analytics.js","app":"https://www.gstatic.com/firebasejs/8.4.1/firebase-app.js","auth":"https://www.gstatic.com/firebasejs/8.4.1/firebase-auth.js","database":"https://www.gstatic.com/firebasejs/8.4.1/firebase-database.js","firestore":"https://www.gstatic.com/firebasejs/8.4.1/firebase-firestore.js","functions":"https://www.gstatic.com/firebasejs/8.4.1/firebase-functions.js","installations":"https://www.gstatic.com/firebasejs/8.4.1/firebase-installations.js","messaging":"https://www.gstatic.com/firebasejs/8.4.1/firebase-messaging.js","storage":"https://www.gstatic.com/firebasejs/8.4.1/firebase-storage.js","performance":"https://www.gstatic.com/firebasejs/8.4.1/firebase-performance.js","remote-config":"https://www.gstatic.com/firebasejs/8.4.1/firebase-remote-config.js","firestore.memory":"https://www.gstatic.com/firebasejs/8.4.1/firebase-firestore.memory.js"}}
[info] +  Wrote build/index.html 
[info] 
[info] i  Detected a .git folder at D:\webd+flutter\projects-res\job-listing-app\job-listing-app 
[info] i  Authorizing with GitHub to upload your service account to a GitHub repository's secrets store. 
[info] 
[info] Visit this URL on this device to log in:
[info] https://github.com/login/oauth/authorize?client_id=89cf50f02ac6aaed3484&state=87406226&redirect_uri=http%3A%2F%2Flocalhost%3A9005&scope=read%3Auser%20repo%20public_repo
[info] 
[info] Waiting for authentication...
[debug] [2021-04-17T05:42:33.478Z] >>> HTTP REQUEST POST https://github.com/login/oauth/access_token  
 {"client_id":"89cf50f02ac6aaed3484","client_secret":"3330d14abc895d9a74d5f17cd7a00711fa2c5bf0","code":"6c54fe4891c3168ba59d","redirect_uri":"http://localhost:9005","state":"87406226"}
[debug] [2021-04-17T05:42:33.841Z] <<< HTTP RESPONSE 200 {"server":"GitHub.com","date":"Sat, 17 Apr 2021 05:42:35 GMT","content-type":"application/json; charset=utf-8","transfer-encoding":"chunked","vary":"X-PJAX, Accept-Encoding, Accept, X-Requested-With","etag":"W/\"adbd300a0af5534d4f7668465960a6c1\"","cache-control":"max-age=0, private, must-revalidate","strict-transport-security":"max-age=31536000; includeSubdomains; preload","x-frame-options":"deny","x-content-type-options":"nosniff","x-xss-protection":"0","referrer-policy":"origin-when-cross-origin, strict-origin-when-cross-origin","expect-ct":"max-age=2592000, report-uri=\"https://api.github.com/_private/browser/errors\"","content-security-policy":"default-src 'none'; base-uri 'self'; block-all-mixed-content; connect-src 'self' uploads.github.com www.githubstatus.com collector.githubapp.com api.github.com github-cloud.s3.amazonaws.com github-production-repository-file-5c1aeb.s3.amazonaws.com github-production-upload-manifest-file-7fdce7.s3.amazonaws.com github-production-user-asset-6210df.s3.amazonaws.com cdn.optimizely.com logx.optimizely.com/v1/events wss://alive.github.com; font-src github.githubassets.com; form-action 'self' github.com gist.github.com; frame-ancestors 'none'; frame-src render.githubusercontent.com; img-src 'self' data: github.githubassets.com identicons.github.com collector.githubapp.com github-cloud.s3.amazonaws.com secured-user-images.githubusercontent.com/ *.githubusercontent.com; manifest-src 'self'; media-src 'none'; script-src github.githubassets.com; style-src 'unsafe-inline' github.githubassets.com; worker-src github.com/socket-worker-3f088aa2.js gist.github.com/socket-worker-3f088aa2.js","x-github-request-id":"8589:64B4:3B7957:418AE8:607A754A"}
[debug] [2021-04-17T05:42:33.867Z] >>> [apiv2][query] GET https://api.github.com/user [none]
[debug] [2021-04-17T05:42:34.223Z] <<< [apiv2][status] GET https://api.github.com/user 200
[debug] [2021-04-17T05:42:34.224Z] <<< [apiv2][body] GET https://api.github.com/user {"login":"Akanksha1312","id":44141799,"node_id":"MDQ6VXNlcjQ0MTQxNzk5","avatar_url":"https://avatars.githubusercontent.com/u/44141799?v=4","gravatar_id":"","url":"https://api.github.com/users/Akanksha1312","html_url":"https://github.com/Akanksha1312","followers_url":"https://api.github.com/users/Akanksha1312/followers","following_url":"https://api.github.com/users/Akanksha1312/following{/other_user}","gists_url":"https://api.github.com/users/Akanksha1312/gists{/gist_id}","starred_url":"https://api.github.com/users/Akanksha1312/starred{/owner}{/repo}","subscriptions_url":"https://api.github.com/users/Akanksha1312/subscriptions","organizations_url":"https://api.github.com/users/Akanksha1312/orgs","repos_url":"https://api.github.com/users/Akanksha1312/repos","events_url":"https://api.github.com/users/Akanksha1312/events{/privacy}","received_events_url":"https://api.github.com/users/Akanksha1312/received_events","type":"User","site_admin":false,"name":null,"company":null,"blog":"","location":null,"email":null,"hireable":null,"bio":null,"twitter_username":null,"public_repos":16,"public_gists":0,"followers":0,"following":0,"created_at":"2018-10-14T16:44:48Z","updated_at":"2021-04-17T05:42:34Z","private_gists":0,"total_private_repos":0,"owned_private_repos":0,"disk_usage":10337,"collaborators":0,"two_factor_authentication":false,"plan":{"name":"free","space":976562499,"collaborators":0,"private_repos":10000}}
[info] 
[info] +  Success! Logged into GitHub as Akanksha1312 
[info] 
[debug] [2021-04-17T05:43:09.557Z] >>> [apiv2][query] GET https://api.github.com/repos/Akanksha/job-listing-app/actions/secrets/public-key type=owner
[debug] [2021-04-17T05:43:09.874Z] <<< [apiv2][status] GET https://api.github.com/repos/Akanksha/job-listing-app/actions/secrets/public-key 404
[debug] [2021-04-17T05:43:09.875Z] <<< [apiv2][body] GET https://api.github.com/repos/Akanksha/job-listing-app/actions/secrets/public-key {"message":"Not Found","documentation_url":"https://docs.github.com/rest/reference/actions#get-a-repository-public-key"}
